This is pdfTeX, Version 3.141592653-2.6-1.40.25 (TeX Live 2023/Debian) (preloaded format=pdflatex 2025.7.15)  12 JAN 2026 23:54
entering extended mode
 restricted \write18 enabled.
 %&-line parsing enabled.
**report/report.tex
(./report/report.tex
LaTeX2e <2023-11-01> patch level 1
L3 programming layer <2024-01-22>
(/usr/share/texlive/texmf-dist/tex/latex/base/article.cls
Document Class: article 2023/05/17 v1.4n Standard LaTeX document class
(/usr/share/texlive/texmf-dist/tex/latex/base/size10.clo
File: size10.clo 2023/05/17 v1.4n Standard LaTeX file (size option)
)
\c@part=\count187
\c@section=\count188
\c@subsection=\count189
\c@subsubsection=\count190
\c@paragraph=\count191
\c@subparagraph=\count192
\c@figure=\count193
\c@table=\count194
\abovecaptionskip=\skip48
\belowcaptionskip=\skip49
\bibindent=\dimen140
)
(/usr/share/texlive/texmf-dist/tex/latex/graphics/graphicx.sty
Package: graphicx 2021/09/16 v1.2d Enhanced LaTeX Graphics (DPC,SPQR)

(/usr/share/texlive/texmf-dist/tex/latex/graphics/keyval.sty
Package: keyval 2022/05/29 v1.15 key=value parser (DPC)
\KV@toks@=\toks17
)
(/usr/share/texlive/texmf-dist/tex/latex/graphics/graphics.sty
Package: graphics 2022/03/10 v1.4e Standard LaTeX Graphics (DPC,SPQR)

(/usr/share/texlive/texmf-dist/tex/latex/graphics/trig.sty
Package: trig 2021/08/11 v1.11 sin cos tan (DPC)
)
(/usr/share/texlive/texmf-dist/tex/latex/graphics-cfg/graphics.cfg
File: graphics.cfg 2016/06/04 v1.11 sample graphics configuration
)
Package graphics Info: Driver file: pdftex.def on input line 107.

(/usr/share/texlive/texmf-dist/tex/latex/graphics-def/pdftex.def
File: pdftex.def 2022/09/22 v1.2b Graphics/color driver for pdftex
))
\Gin@req@height=\dimen141
\Gin@req@width=\dimen142
)
(/usr/share/texlive/texmf-dist/tex/latex/cleveref/cleveref.sty
Package: cleveref 2018/03/27 v0.21.4 Intelligent cross-referencing
)
(/usr/share/texlive/texmf-dist/tex/latex/float/float.sty
Package: float 2001/11/08 v1.3d Float enhancements (AL)
\c@float@type=\count195
\float@exts=\toks18
\float@box=\box51
\@float@everytoks=\toks19
\@floatcapt=\box52
)
(/usr/share/texlive/texmf-dist/tex/latex/l3backend/l3backend-pdftex.def
File: l3backend-pdftex.def 2024-01-04 L3 backend support: PDF output (pdfTeX)
\l__color_backend_stack_int=\count196
\l__pdf_internal_box=\box53
)
(report/report.aux)
\openout1 = `report.aux'.

LaTeX Font Info:    Checking defaults for OML/cmm/m/it on input line 7.
LaTeX Font Info:    ... okay on input line 7.
LaTeX Font Info:    Checking defaults for OMS/cmsy/m/n on input line 7.
LaTeX Font Info:    ... okay on input line 7.
LaTeX Font Info:    Checking defaults for OT1/cmr/m/n on input line 7.
LaTeX Font Info:    ... okay on input line 7.
LaTeX Font Info:    Checking defaults for T1/cmr/m/n on input line 7.
LaTeX Font Info:    ... okay on input line 7.
LaTeX Font Info:    Checking defaults for TS1/cmr/m/n on input line 7.
LaTeX Font Info:    ... okay on input line 7.
LaTeX Font Info:    Checking defaults for OMX/cmex/m/n on input line 7.
LaTeX Font Info:    ... okay on input line 7.
LaTeX Font Info:    Checking defaults for U/cmr/m/n on input line 7.
LaTeX Font Info:    ... okay on input line 7.

(/usr/share/texlive/texmf-dist/tex/context/base/mkii/supp-pdf.mkii
[Loading MPS to PDF converter (version 2006.09.02).]
\scratchcounter=\count197
\scratchdimen=\dimen143
\scratchbox=\box54
\nofMPsegments=\count198
\nofMParguments=\count199
\everyMPshowfont=\toks20
\MPscratchCnt=\count266
\MPscratchDim=\dimen144
\MPnumerator=\count267
\makeMPintoPDFobject=\count268
\everyMPtoPDFconversion=\toks21
) (/usr/share/texlive/texmf-dist/tex/latex/epstopdf-pkg/epstopdf-base.sty
Package: epstopdf-base 2020-01-24 v2.11 Base part for package epstopdf
Package epstopdf-base Info: Redefining graphics rule for `.eps' on input line 4
85.

(/usr/share/texlive/texmf-dist/tex/latex/latexconfig/epstopdf-sys.cfg
File: epstopdf-sys.cfg 2010/07/13 v1.3 Configuration of (r)epstopdf for TeX Liv
e
))
<../plots/smallbench/seq_throughput.png, id=1, 433.62pt x 289.08pt>
File: ../plots/smallbench/seq_throughput.png Graphic file (type png)
<use ../plots/smallbench/seq_throughput.png>
Package pdftex.def Info: ../plots/smallbench/seq_throughput.png  used on input 
line 13.
(pdftex.def)             Requested size: 345.0pt x 230.01158pt.
<../plots/smallbench/throughput.png, id=3, 722.7pt x 1156.32pt>
File: ../plots/smallbench/throughput.png Graphic file (type png)
<use ../plots/smallbench/throughput.png>
Package pdftex.def Info: ../plots/smallbench/throughput.png  used on input line
 19.
(pdftex.def)             Requested size: 345.0pt x 551.99254pt.

[1

{/var/lib/texmf/fonts/map/pdftex/updmap/pdftex.map} <report/../plots/smallbench
/seq_throughput.png>]
Overfull \vbox (25.93698pt too high) has occurred while \output is active []


[2 <report/../plots/smallbench/throughput.png>]
<../plots/smallbench/speedup.png, id=16, 722.7pt x 1156.32pt>
File: ../plots/smallbench/speedup.png Graphic file (type png)
<use ../plots/smallbench/speedup.png>
Package pdftex.def Info: ../plots/smallbench/speedup.png  used on input line 25
.
(pdftex.def)             Requested size: 345.0pt x 551.99254pt.

Overfull \vbox (26.49254pt too high) has occurred while \output is active []


[3 <report/../plots/smallbench/speedup.png>]
<../plots/smallbench/failed_ops_s.png, id=21, 722.7pt x 1156.32pt>
File: ../plots/smallbench/failed_ops_s.png Graphic file (type png)
<use ../plots/smallbench/failed_ops_s.png>
Package pdftex.def Info: ../plots/smallbench/failed_ops_s.png  used on input li
ne 31.
(pdftex.def)             Requested size: 345.0pt x 551.99254pt.

Overfull \vbox (25.93698pt too high) has occurred while \output is active []


[4 <report/../plots/smallbench/failed_ops_s.png>]
<../plots/smallbench/contention_ex5.png, id=26, 867.24pt x 433.62pt>
File: ../plots/smallbench/contention_ex5.png Graphic file (type png)
<use ../plots/smallbench/contention_ex5.png>
Package pdftex.def Info: ../plots/smallbench/contention_ex5.png  used on input 
line 37.
(pdftex.def)             Requested size: 345.0pt x 172.49876pt.
<../plots/smallbench/failed_cas_stack.png, id=27, 722.7pt x 1156.32pt>
File: ../plots/smallbench/failed_cas_stack.png Graphic file (type png)
<use ../plots/smallbench/failed_cas_stack.png>
Package pdftex.def Info: ../plots/smallbench/failed_cas_stack.png  used on inpu
t line 43.
(pdftex.def)             Requested size: 345.0pt x 551.99254pt.
 [5 <report/../plots/smallbench/contention_ex5.png>]
Overfull \vbox (25.93698pt too high) has occurred while \output is active []


[6 <report/../plots/smallbench/failed_cas_stack.png>]
<../plots/smallbench/balance_scatter.png, id=36, 722.7pt x 1156.32pt>
File: ../plots/smallbench/balance_scatter.png Graphic file (type png)
<use ../plots/smallbench/balance_scatter.png>
Package pdftex.def Info: ../plots/smallbench/balance_scatter.png  used on input
 line 49.
(pdftex.def)             Requested size: 345.0pt x 551.99254pt.

Overfull \vbox (25.93698pt too high) has occurred while \output is active []


[7 <report/../plots/smallbench/balance_scatter.png>]
<../plots/smallbench/thread_imbalance.png, id=42, 722.7pt x 1156.32pt>
File: ../plots/smallbench/thread_imbalance.png Graphic file (type png)
<use ../plots/smallbench/thread_imbalance.png>
Package pdftex.def Info: ../plots/smallbench/thread_imbalance.png  used on inpu
t line 55.
(pdftex.def)             Requested size: 345.0pt x 551.99254pt.

Overfull \vbox (25.93698pt too high) has occurred while \output is active []


[8 <report/../plots/smallbench/thread_imbalance.png>]
<../plots/smallbench/freelist_size.png, id=47, 722.7pt x 1156.32pt>
File: ../plots/smallbench/freelist_size.png Graphic file (type png)
<use ../plots/smallbench/freelist_size.png>
Package pdftex.def Info: ../plots/smallbench/freelist_size.png  used on input l
ine 61.
(pdftex.def)             Requested size: 345.0pt x 551.99254pt.

Overfull \vbox (25.93698pt too high) has occurred while \output is active []


[9 <report/../plots/smallbench/freelist_size.png>] (report/report.aux)
 ***********
LaTeX2e <2023-11-01> patch level 1
L3 programming layer <2024-01-22>
 ***********
 ) 
Here is how much of TeX's memory you used:
 3154 strings out of 476182
 63514 string characters out of 5795595
 1923975 words of memory out of 5000000
 25192 multiletter control sequences out of 15000+600000
 558674 words of font info for 38 fonts, out of 8000000 for 9000
 14 hyphenation exceptions out of 8191
 57i,6n,65p,211b,232s stack positions out of 10000i,1000n,20000p,200000b,200000s
</usr/share/texlive/texmf-dist/fonts/type1/public/amsfonts/cm/cmbx12.pfb></us
r/share/texlive/texmf-dist/fonts/type1/public/amsfonts/cm/cmr10.pfb>
Output written on report/report.pdf (9 pages, 3313227 bytes).
PDF statistics:
 63 PDF objects out of 1000 (max. 8388607)
 29 compressed objects within 1 object stream
 0 named destinations out of 1000 (max. 500000)
 46 words of extra memory for PDF output out of 10000 (max. 10000000)

